2020-12-20 21:27:17,402 [INFO] Activator:170 - 


2020-12-20 21:27:17,407 [INFO] Activator:171 - !SESSION log4j initialized
2020-12-20 21:27:28,116 [INFO] McuFinderGlobals:40 - Set McuFinder mode to 2 (CubeIDE integrated)
2020-12-20 21:27:28,622 [INFO] ApplicationProperties:181 - Using Application install path: C:\ST\STM32CubeIDE_1.5.0\STM32CubeIDE\plugins\com.st.stm32cube.common.mx_6.1.0.202011121557
2020-12-20 21:27:28,647 [INFO] DbMcusXml:71 - Set database path to: C:\ST\STM32CubeIDE_1.5.0\STM32CubeIDE\plugins\com.st.stm32cube.common.mx_6.1.0.202011121557\\db\/mcu/
2020-12-20 21:27:28,659 [INFO] DbBoardsPdsc:57 - Set plugin database path to: C:\ST\STM32CubeIDE_1.5.0\STM32CubeIDE\plugins\com.st.stm32cube.common.mx_6.1.0.202011121557\\db\/plugins/boardmanager/
2020-12-20 21:27:28,659 [INFO] DbMcus:259 - Set plugin images path to: C:\ST\STM32CubeIDE_1.5.0\STM32CubeIDE\plugins\com.st.stm32cube.common.mx_6.1.0.202011121557\\db\/plugins/mcufinder/images/
2020-12-20 21:27:28,660 [INFO] DbBoards:265 - Set plugin images path to: C:\ST\STM32CubeIDE_1.5.0\STM32CubeIDE\plugins\com.st.stm32cube.common.mx_6.1.0.202011121557\\db\/plugins/mcufinder/images/
2020-12-20 21:27:28,665 [INFO] DbExamples:329 - Set plugin images path to: C:\ST\STM32CubeIDE_1.5.0\STM32CubeIDE\plugins\com.st.stm32cube.common.mx_6.1.0.202011121557\\db\/plugins/mcufinder/images/
2020-12-20 21:27:28,691 [INFO] DbMcusDocs:112 - Set database path to: C:\Users\ASUS\.stmcufinder\plugins\mcufinder//mcu/
2020-12-20 21:27:28,694 [INFO] DbMcusJson:63 - Set database path to: C:\Users\ASUS\.stmcufinder\plugins\mcufinder//mcu/
2020-12-20 21:27:28,695 [INFO] DbBoardsDocs:112 - Set database path to: C:\Users\ASUS\.stmcufinder\plugins\mcufinder//mcu/
2020-12-20 21:27:28,697 [INFO] DbBoardsJson:56 - Set database path to: C:\Users\ASUS\.stmcufinder\plugins\mcufinder//mcu/
2020-12-20 21:27:28,701 [INFO] CrossReferenceDbSqlite:196 - Set database path to: C:\Users\ASUS\.stmcufinder\plugins\mcufinder//mcu/cs/
2020-12-20 21:27:28,705 [INFO] DbExamplesSqlite:699 - Set database path to: C:\Users\ASUS\.stmcufinder\plugins\mcufinder//mcu/
2020-12-20 21:27:28,901 [INFO] RulesReader:52 - Compatibility file has been processed (228 Rules)
2020-12-20 21:27:29,129 [INFO] MicroXplorer:565 - Detected Java Version = 1.8.0_272
2020-12-20 21:27:29,130 [INFO] DbMcusXml:71 - Set database path to: C:\ST\STM32CubeIDE_1.5.0\STM32CubeIDE\plugins\com.st.stm32cube.common.mx_6.1.0.202011121557\\db\/mcu/
2020-12-20 21:27:29,131 [INFO] DbBoardsPdsc:57 - Set plugin database path to: C:\ST\STM32CubeIDE_1.5.0\STM32CubeIDE\plugins\com.st.stm32cube.common.mx_6.1.0.202011121557\\db\/plugins/boardmanager/
2020-12-20 21:27:29,131 [INFO] DbMcus:259 - Set plugin images path to: C:\ST\STM32CubeIDE_1.5.0\STM32CubeIDE\plugins\com.st.stm32cube.common.mx_6.1.0.202011121557\\db\/plugins/mcufinder/images/
2020-12-20 21:27:29,132 [INFO] DbBoards:265 - Set plugin images path to: C:\ST\STM32CubeIDE_1.5.0\STM32CubeIDE\plugins\com.st.stm32cube.common.mx_6.1.0.202011121557\\db\/plugins/mcufinder/images/
2020-12-20 21:27:29,132 [INFO] DbExamples:329 - Set plugin images path to: C:\ST\STM32CubeIDE_1.5.0\STM32CubeIDE\plugins\com.st.stm32cube.common.mx_6.1.0.202011121557\\db\/plugins/mcufinder/images/
2020-12-20 21:27:29,132 [WARN] DbFile:36 - Overriding database path with different value: C:\Users\ASUS\.stmcufinder\plugins\mcufinder/ => C:\Users\ASUS\.stmcufinder\plugins\mcufinder
2020-12-20 21:27:29,132 [INFO] DbMcusDocs:112 - Set database path to: C:\Users\ASUS\.stmcufinder\plugins\mcufinder//mcu/
2020-12-20 21:27:29,133 [WARN] DbFile:36 - Overriding database path with different value: C:\Users\ASUS\.stmcufinder\plugins\mcufinder/ => C:\Users\ASUS\.stmcufinder\plugins\mcufinder
2020-12-20 21:27:29,133 [INFO] DbMcusJson:63 - Set database path to: C:\Users\ASUS\.stmcufinder\plugins\mcufinder//mcu/
2020-12-20 21:27:29,134 [WARN] DbFile:36 - Overriding database path with different value: C:\Users\ASUS\.stmcufinder\plugins\mcufinder/ => C:\Users\ASUS\.stmcufinder\plugins\mcufinder
2020-12-20 21:27:29,134 [INFO] DbBoardsDocs:112 - Set database path to: C:\Users\ASUS\.stmcufinder\plugins\mcufinder//mcu/
2020-12-20 21:27:29,134 [WARN] DbFile:36 - Overriding database path with different value: C:\Users\ASUS\.stmcufinder\plugins\mcufinder/ => C:\Users\ASUS\.stmcufinder\plugins\mcufinder
2020-12-20 21:27:29,135 [INFO] DbBoardsJson:56 - Set database path to: C:\Users\ASUS\.stmcufinder\plugins\mcufinder//mcu/
2020-12-20 21:27:29,135 [WARN] DbFile:36 - Overriding database path with different value: C:\Users\ASUS\.stmcufinder\plugins\mcufinder/ => C:\Users\ASUS\.stmcufinder\plugins\mcufinder
2020-12-20 21:27:29,135 [WARN] DbFile:36 - Overriding database path with different value: C:\Users\ASUS\.stmcufinder\plugins\mcufinder/ => C:\Users\ASUS\.stmcufinder\plugins\mcufinder
2020-12-20 21:27:29,135 [INFO] CrossReferenceDbSqlite:196 - Set database path to: C:\Users\ASUS\.stmcufinder\plugins\mcufinder//mcu/cs/
2020-12-20 21:27:29,135 [WARN] DbFile:36 - Overriding database path with different value: C:\Users\ASUS\.stmcufinder\plugins\mcufinder/ => C:\Users\ASUS\.stmcufinder\plugins\mcufinder
2020-12-20 21:27:29,136 [INFO] DbExamplesSqlite:699 - Set database path to: C:\Users\ASUS\.stmcufinder\plugins\mcufinder//mcu/
2020-12-20 21:27:29,330 [INFO] MainPanel:190 - HeapMemory: 268435456
2020-12-20 21:27:29,495 [INFO] DbMcusXml:71 - Set database path to: C:\ST\STM32CubeIDE_1.5.0\STM32CubeIDE\plugins\com.st.stm32cube.common.mx_6.1.0.202011121557\\db\/mcu/
2020-12-20 21:27:29,495 [INFO] DbBoardsPdsc:57 - Set plugin database path to: C:\ST\STM32CubeIDE_1.5.0\STM32CubeIDE\plugins\com.st.stm32cube.common.mx_6.1.0.202011121557\\db\/plugins/boardmanager/
2020-12-20 21:27:29,495 [INFO] DbMcus:259 - Set plugin images path to: C:\ST\STM32CubeIDE_1.5.0\STM32CubeIDE\plugins\com.st.stm32cube.common.mx_6.1.0.202011121557\\db\/plugins/mcufinder/images/
2020-12-20 21:27:29,496 [INFO] DbBoards:265 - Set plugin images path to: C:\ST\STM32CubeIDE_1.5.0\STM32CubeIDE\plugins\com.st.stm32cube.common.mx_6.1.0.202011121557\\db\/plugins/mcufinder/images/
2020-12-20 21:27:29,496 [INFO] DbExamples:329 - Set plugin images path to: C:\ST\STM32CubeIDE_1.5.0\STM32CubeIDE\plugins\com.st.stm32cube.common.mx_6.1.0.202011121557\\db\/plugins/mcufinder/images/
2020-12-20 21:27:29,497 [WARN] DbFile:36 - Overriding database path with different value: C:\Users\ASUS\.stmcufinder\plugins\mcufinder/ => C:\Users\ASUS\.stmcufinder\plugins\mcufinder
2020-12-20 21:27:29,498 [INFO] DbMcusDocs:112 - Set database path to: C:\Users\ASUS\.stmcufinder\plugins\mcufinder//mcu/
2020-12-20 21:27:29,498 [WARN] DbFile:36 - Overriding database path with different value: C:\Users\ASUS\.stmcufinder\plugins\mcufinder/ => C:\Users\ASUS\.stmcufinder\plugins\mcufinder
2020-12-20 21:27:29,499 [INFO] DbMcusJson:63 - Set database path to: C:\Users\ASUS\.stmcufinder\plugins\mcufinder//mcu/
2020-12-20 21:27:29,499 [WARN] DbFile:36 - Overriding database path with different value: C:\Users\ASUS\.stmcufinder\plugins\mcufinder/ => C:\Users\ASUS\.stmcufinder\plugins\mcufinder
2020-12-20 21:27:29,499 [INFO] DbBoardsDocs:112 - Set database path to: C:\Users\ASUS\.stmcufinder\plugins\mcufinder//mcu/
2020-12-20 21:27:29,499 [WARN] DbFile:36 - Overriding database path with different value: C:\Users\ASUS\.stmcufinder\plugins\mcufinder/ => C:\Users\ASUS\.stmcufinder\plugins\mcufinder
2020-12-20 21:27:29,500 [INFO] DbBoardsJson:56 - Set database path to: C:\Users\ASUS\.stmcufinder\plugins\mcufinder//mcu/
2020-12-20 21:27:29,500 [WARN] DbFile:36 - Overriding database path with different value: C:\Users\ASUS\.stmcufinder\plugins\mcufinder/ => C:\Users\ASUS\.stmcufinder\plugins\mcufinder
2020-12-20 21:27:29,500 [WARN] DbFile:36 - Overriding database path with different value: C:\Users\ASUS\.stmcufinder\plugins\mcufinder/ => C:\Users\ASUS\.stmcufinder\plugins\mcufinder
2020-12-20 21:27:29,500 [INFO] CrossReferenceDbSqlite:196 - Set database path to: C:\Users\ASUS\.stmcufinder\plugins\mcufinder//mcu/cs/
2020-12-20 21:27:29,501 [WARN] DbFile:36 - Overriding database path with different value: C:\Users\ASUS\.stmcufinder\plugins\mcufinder/ => C:\Users\ASUS\.stmcufinder\plugins\mcufinder
2020-12-20 21:27:29,501 [INFO] DbExamplesSqlite:699 - Set database path to: C:\Users\ASUS\.stmcufinder\plugins\mcufinder//mcu/
2020-12-20 21:27:29,536 [INFO] ApplicationProperties:181 - Using Application install path: C:\ST\STM32CubeIDE_1.5.0\STM32CubeIDE\plugins\com.st.stm32cube.common.mx_6.1.0.202011121557
2020-12-20 21:27:29,540 [INFO] PluginManage:178 - Search for loadable plugins [exclusion list=, ]
2020-12-20 21:27:29,542 [INFO] PluginManage:292 - Check plugin analytics
2020-12-20 21:27:29,852 [INFO] AnalyticsPlugin:225 - Accepted Software Licenses: STM32CubeMX.6.1.0,STM32CubeMX.5.4.0
2020-12-20 21:27:29,853 [INFO] AnalyticsPlugin:227 - Accepted CMSIS Pack Licenses: STMicroelectronics.X-CUBE-TOUCHGFX.4.16.0,STMicroelectronics.X-CUBE-MEMS1.8.2.0
2020-12-20 21:27:29,853 [INFO] AnalyticsPlugin:229 - Accepted Firmware Licenses: 
2020-12-20 21:27:29,854 [INFO] PluginManage:342 - Loaded plugin analytics (category:tool,tabindex:-1)
2020-12-20 21:27:29,854 [INFO] PluginManage:292 - Check plugin clock
2020-12-20 21:27:29,909 [INFO] PluginManage:342 - Loaded plugin clock (category:base,tabindex:2)
2020-12-20 21:27:29,909 [INFO] PluginManage:292 - Check plugin ddr
2020-12-20 21:27:29,914 [INFO] PluginManage:342 - Loaded plugin ddr (category:tool,tabindex:6)
2020-12-20 21:27:29,914 [INFO] PluginManage:292 - Check plugin filemanager
2020-12-20 21:27:30,130 [INFO] PluginManage:342 - Loaded plugin filemanager (category:base,tabindex:10)
2020-12-20 21:27:30,130 [INFO] PluginManage:292 - Check plugin ipmanager
2020-12-20 21:27:30,159 [INFO] PluginManage:342 - Loaded plugin ipmanager (category:base,tabindex:5)
2020-12-20 21:27:30,160 [INFO] PluginManage:292 - Check plugin pinoutandconfiguration
2020-12-20 21:27:30,187 [INFO] PluginManage:342 - Loaded plugin pinoutandconfiguration (category:base,tabindex:1)
2020-12-20 21:27:30,188 [INFO] PluginManage:292 - Check plugin pinoutconfig
2020-12-20 21:27:30,259 [INFO] PluginManage:342 - Loaded plugin pinoutconfig (category:base,tabindex:0)
2020-12-20 21:27:30,259 [INFO] PluginManage:292 - Check plugin power
2020-12-20 21:27:30,294 [INFO] PluginManage:342 - Loaded plugin power (category:power,tabindex:4)
2020-12-20 21:27:30,295 [INFO] PluginManage:292 - Check plugin projectmanager
2020-12-20 21:27:30,329 [INFO] PluginManage:342 - Loaded plugin projectmanager (category:projectmanager,tabindex:3)
2020-12-20 21:27:30,330 [INFO] PluginManage:292 - Check plugin thirdparty
2020-12-20 21:27:30,679 [INFO] PluginManage:342 - Loaded plugin thirdparty (category:base,tabindex:-1)
2020-12-20 21:27:30,679 [WARN] IntegrityCheckThread:59 - waiting for thirdparty lock release [integrity check]
2020-12-20 21:27:30,680 [INFO] PluginManage:292 - Check plugin tools
2020-12-20 21:27:30,680 [INFO] IntegrityCheckThread:61 - entering critical section [integrity check]
2020-12-20 21:27:30,681 [INFO] ThirdPartyUpdaterWithRetryManager:56 - Updater plugin not ready yet. [1/15]
2020-12-20 21:27:30,753 [INFO] PluginManage:342 - Loaded plugin tools (category:base,tabindex:7)
2020-12-20 21:27:30,753 [INFO] PluginManage:292 - Check plugin tutovideos
2020-12-20 21:27:31,182 [INFO] PluginManage:342 - Loaded plugin tutovideos (category:base,tabindex:-1)
2020-12-20 21:27:31,183 [INFO] PluginManage:292 - Check plugin updater
2020-12-20 21:27:31,206 [INFO] PluginManage:342 - Loaded plugin updater (category:base,tabindex:12)
2020-12-20 21:27:31,208 [INFO] PluginManage:265 - PluginManage : Loaded plugins [13]
2020-12-20 21:27:31,610 [INFO] PinOutPanel:1434 - setPackage(No Configuration,No Configuration)
2020-12-20 21:27:31,842 [INFO] IPUIPlugin:64 - create IPUIPlugin
2020-12-20 21:27:31,842 [INFO] PluginManager:203 - loadIPPluginJar : add adc
2020-12-20 21:27:31,890 [INFO] IPUIPlugin:64 - create IPUIPlugin
2020-12-20 21:27:31,890 [INFO] PluginManager:203 - loadIPPluginJar : add aes
2020-12-20 21:27:31,948 [INFO] IPUIPlugin:64 - create IPUIPlugin
2020-12-20 21:27:31,948 [INFO] PluginManager:203 - loadIPPluginJar : add can
2020-12-20 21:27:31,986 [INFO] IPUIPlugin:64 - create IPUIPlugin
2020-12-20 21:27:31,987 [INFO] PluginManager:203 - loadIPPluginJar : add comp
2020-12-20 21:27:32,034 [INFO] IPUIPlugin:64 - create IPUIPlugin
2020-12-20 21:27:32,034 [INFO] PluginManager:203 - loadIPPluginJar : add cryp
2020-12-20 21:27:32,078 [INFO] IPUIPlugin:64 - create IPUIPlugin
2020-12-20 21:27:32,078 [INFO] PluginManager:203 - loadIPPluginJar : add dfsdm
2020-12-20 21:27:32,095 [INFO] IPUIPlugin:64 - create IPUIPlugin
2020-12-20 21:27:32,096 [INFO] PluginManager:203 - loadIPPluginJar : add dma
2020-12-20 21:27:32,125 [INFO] IPUIPlugin:64 - create IPUIPlugin
2020-12-20 21:27:32,126 [INFO] PluginManager:203 - loadIPPluginJar : add fatfs
2020-12-20 21:27:32,194 [INFO] IPUIPlugin:64 - create IPUIPlugin
2020-12-20 21:27:32,195 [INFO] PluginManager:203 - loadIPPluginJar : add fmc
2020-12-20 21:27:32,214 [INFO] IPUIPlugin:64 - create IPUIPlugin
2020-12-20 21:27:32,216 [INFO] PluginManager:203 - loadIPPluginJar : add freertos
2020-12-20 21:27:32,245 [INFO] IPUIPlugin:64 - create IPUIPlugin
2020-12-20 21:27:32,245 [INFO] PluginManager:203 - loadIPPluginJar : add genericplugin
2020-12-20 21:27:32,361 [INFO] IPUIPlugin:64 - create IPUIPlugin
2020-12-20 21:27:32,361 [INFO] PluginManager:203 - loadIPPluginJar : add gfxmmu
2020-12-20 21:27:32,511 [INFO] IPUIPlugin:64 - create IPUIPlugin
2020-12-20 21:27:32,511 [INFO] PluginManager:203 - loadIPPluginJar : add gic
2020-12-20 21:27:32,528 [INFO] IPUIPlugin:64 - create IPUIPlugin
2020-12-20 21:27:32,528 [INFO] PluginManager:203 - loadIPPluginJar : add gpio
2020-12-20 21:27:32,623 [INFO] IPUIPlugin:64 - create IPUIPlugin
2020-12-20 21:27:32,623 [INFO] PluginManager:203 - loadIPPluginJar : add gtzc
2020-12-20 21:27:32,662 [INFO] IPUIPlugin:64 - create IPUIPlugin
2020-12-20 21:27:32,662 [INFO] PluginManager:203 - loadIPPluginJar : add hash
2020-12-20 21:27:32,734 [INFO] IPUIPlugin:64 - create IPUIPlugin
2020-12-20 21:27:32,735 [INFO] PluginManager:203 - loadIPPluginJar : add i2c
2020-12-20 21:27:32,787 [INFO] IPUIPlugin:64 - create IPUIPlugin
2020-12-20 21:27:32,788 [INFO] PluginManager:203 - loadIPPluginJar : add i2s
2020-12-20 21:27:32,806 [INFO] IPUIPlugin:64 - create IPUIPlugin
2020-12-20 21:27:32,806 [INFO] PluginManager:203 - loadIPPluginJar : add ipddr
2020-12-20 21:27:32,861 [INFO] IPUIPlugin:64 - create IPUIPlugin
2020-12-20 21:27:32,861 [INFO] PluginManager:203 - loadIPPluginJar : add lorawan
2020-12-20 21:27:32,907 [INFO] IPUIPlugin:64 - create IPUIPlugin
2020-12-20 21:27:32,908 [INFO] PluginManager:203 - loadIPPluginJar : add ltdc
2020-12-20 21:27:32,922 [INFO] IPUIPlugin:64 - create IPUIPlugin
2020-12-20 21:27:32,923 [INFO] PluginManager:203 - loadIPPluginJar : add mdma
2020-12-20 21:27:32,939 [INFO] IPUIPlugin:64 - create IPUIPlugin
2020-12-20 21:27:32,939 [INFO] PluginManager:203 - loadIPPluginJar : add nvic
2020-12-20 21:27:32,988 [INFO] IPUIPlugin:64 - create IPUIPlugin
2020-12-20 21:27:32,988 [INFO] PluginManager:203 - loadIPPluginJar : add opamp
2020-12-20 21:27:33,070 [INFO] IPUIPlugin:64 - create IPUIPlugin
2020-12-20 21:27:33,071 [INFO] PluginManager:203 - loadIPPluginJar : add openamp
2020-12-20 21:27:33,130 [INFO] IPUIPlugin:64 - create IPUIPlugin
2020-12-20 21:27:33,131 [INFO] PluginManager:203 - loadIPPluginJar : add pdm2pcm
2020-12-20 21:27:33,151 [INFO] IPUIPlugin:64 - create IPUIPlugin
2020-12-20 21:27:33,155 [INFO] PluginManager:203 - loadIPPluginJar : add plateformsettings
2020-12-20 21:27:33,185 [INFO] IPUIPlugin:64 - create IPUIPlugin
2020-12-20 21:27:33,186 [INFO] PluginManager:203 - loadIPPluginJar : add quadspi
2020-12-20 21:27:33,201 [INFO] IPUIPlugin:64 - create IPUIPlugin
2020-12-20 21:27:33,201 [INFO] PluginManager:203 - loadIPPluginJar : add resmgrutility
2020-12-20 21:27:33,270 [INFO] IPUIPlugin:64 - create IPUIPlugin
2020-12-20 21:27:33,271 [INFO] PluginManager:203 - loadIPPluginJar : add sai
2020-12-20 21:27:33,318 [INFO] IPUIPlugin:64 - create IPUIPlugin
2020-12-20 21:27:33,318 [INFO] PluginManager:203 - loadIPPluginJar : add spi
2020-12-20 21:27:33,385 [INFO] IPUIPlugin:64 - create IPUIPlugin
2020-12-20 21:27:33,386 [INFO] PluginManager:203 - loadIPPluginJar : add stm32_wpan
2020-12-20 21:27:33,422 [INFO] IPUIPlugin:64 - create IPUIPlugin
2020-12-20 21:27:33,423 [INFO] PluginManager:203 - loadIPPluginJar : add tim
2020-12-20 21:27:33,501 [INFO] IPUIPlugin:64 - create IPUIPlugin
2020-12-20 21:27:33,501 [INFO] PluginManager:203 - loadIPPluginJar : add touchsensing
2020-12-20 21:27:33,533 [INFO] IPUIPlugin:64 - create IPUIPlugin
2020-12-20 21:27:33,533 [INFO] PluginManager:203 - loadIPPluginJar : add tracer_emb
2020-12-20 21:27:33,569 [INFO] IPUIPlugin:64 - create IPUIPlugin
2020-12-20 21:27:33,569 [INFO] PluginManager:203 - loadIPPluginJar : add ts
2020-12-20 21:27:33,603 [INFO] IPUIPlugin:64 - create IPUIPlugin
2020-12-20 21:27:33,603 [INFO] PluginManager:203 - loadIPPluginJar : add tsc
2020-12-20 21:27:33,639 [INFO] IPUIPlugin:64 - create IPUIPlugin
2020-12-20 21:27:33,640 [INFO] PluginManager:203 - loadIPPluginJar : add ucpd
2020-12-20 21:27:33,689 [INFO] ThirdPartyUpdaterWithRetryManager:56 - Updater plugin not ready yet. [2/15]
2020-12-20 21:27:33,698 [INFO] IPUIPlugin:64 - create IPUIPlugin
2020-12-20 21:27:33,698 [INFO] PluginManager:203 - loadIPPluginJar : add usart
2020-12-20 21:27:34,247 [FATAL] Updater:284 - Updater called before beeing initialized
2020-12-20 21:27:34,487 [FATAL] Updater:284 - Updater called before beeing initialized
2020-12-20 21:27:34,574 [WARN] DetailPanel:347 - Failed to get advertising image, set to default
2020-12-20 21:27:34,578 [FATAL] Updater:284 - Updater called before beeing initialized
2020-12-20 21:27:34,578 [WARN] DetailPanel:347 - Failed to get advertising image, set to default
2020-12-20 21:27:34,676 [FATAL] Updater:284 - Updater called before beeing initialized
2020-12-20 21:27:34,676 [WARN] ThirdParty:783 - waiting for thirdparty lock release [close project]
2020-12-20 21:27:36,694 [INFO] ThirdPartyUpdaterWithRetryManager:56 - Updater plugin not ready yet. [3/15]
2020-12-20 21:27:39,697 [FATAL] Updater:284 - Updater called before beeing initialized
2020-12-20 21:27:39,698 [ERROR] AbstractThirdPartyUpdaterManager:153 - java.lang.Integer cannot be cast to java.util.List
2020-12-20 21:27:39,699 [INFO] ThirdParty:887 - Integrity check success = false
2020-12-20 21:27:39,699 [INFO] IntegrityCheckThread:75 - exiting critical section [integrity check]
2020-12-20 21:27:39,700 [INFO] IntegrityCheckThread:78 - End integrity checks thread
2020-12-20 21:27:39,700 [INFO] ThirdParty:785 - entering critical section [close project]
2020-12-20 21:27:39,705 [INFO] ThirdParty:796 - exiting critical section [close project]
2020-12-20 21:27:39,718 [INFO] PinOutPanel:1434 - setPackage(No Configuration,No Configuration)
2020-12-20 21:27:39,721 [FATAL] Updater:284 - Updater called before beeing initialized
2020-12-20 21:27:39,795 [ERROR] Updater:1065 - MainUpdater not yet initialized. External WinMGr cannot be set.
2020-12-20 21:27:39,816 [INFO] Updater:1002 - Updater Version found : 6.1.0
2020-12-20 21:27:39,849 [INFO] ApplicationProperties:181 - Using Application install path: C:\ST\STM32CubeIDE_1.5.0\STM32CubeIDE\plugins\com.st.stm32cube.common.mx_6.1.0.202011121557
2020-12-20 21:27:40,501 [INFO] MainUpdater:2644 - connection check result : 10
2020-12-20 21:27:40,504 [INFO] MainUpdater:249 - Updater Check For Update Now.
2020-12-20 21:27:40,504 [INFO] MicroXplorer:415 - Change Database Version : DB.6.0.10
2020-12-20 21:27:40,631 [INFO] CheckServerUpdateThread:102 - End of CheckServer Thread
2020-12-20 21:27:40,688 [INFO] MainUpdater:2644 - connection check result : 10
2020-12-20 21:27:41,887 [INFO] CrossSelectorPresenter:1330 - Cross Selector saved comparison directory: C:\Users\ASUS\.stmcufinder\plugins\mcufinder\mcu\cs_comparisons_mx
2020-12-20 21:27:41,912 [INFO] MultiScanPanel:198 - Auto-refresh data requested => check proxy status ongoing
2020-12-20 21:27:41,917 [INFO] FinderPluginLoader:87 - Searching for filters in installed packs
2020-12-20 21:27:41,920 [INFO] DbMcusXml:97 - Load MCU database from C:\ST\STM32CubeIDE_1.5.0\STM32CubeIDE\plugins\com.st.stm32cube.common.mx_6.1.0.202011121557\\db\/mcu/families.xml
2020-12-20 21:27:43,505 [INFO] DbMcusJson:92 - JSON generation date=Wed Dec 09 18:22:40 CET 2020 (1607534560)
2020-12-20 21:27:44,953 [INFO] DbMcus:176 - Found 1835 MCUs (1796 are supported by CubeMX, 1804 are visible in CubeMX)
2020-12-20 21:27:44,955 [INFO] ApiDb:238 - Load user favorites file C:\Users\ASUS/.stm32cubeide/favorites.mcus.txt: 0 item(s)
2020-12-20 21:27:44,956 [INFO] ApiDb:242 - User favorites MCUs=[]
2020-12-20 21:27:44,956 [INFO] DbMcus:188 - Set 0 / 0 favorites MCUs
2020-12-20 21:27:46,149 [INFO] DetailPanel:344 - Set advertising image to C:/Users/ASUS/STM32Cube/Repository/\stm32cubemx-promo_image.jpg
2020-12-20 21:27:46,755 [INFO] McuFilterPanel:245 - Update 0 favorites MCUs
2020-12-20 21:27:46,925 [INFO] DbBoardsPdsc:91 - Found 24 items
2020-12-20 21:27:46,940 [INFO] DbBoardsPdsc:91 - Found 9 items
2020-12-20 21:27:46,981 [INFO] DbBoardsPdsc:91 - Found 32 items
2020-12-20 21:27:46,995 [INFO] DbBoardsPdsc:91 - Found 1 items
2020-12-20 21:27:47,018 [INFO] DbBoardsPdsc:91 - Found 45 items
2020-12-20 21:27:47,043 [INFO] DbBoardsPdsc:91 - Found 41 items
2020-12-20 21:27:47,056 [INFO] DbBoardsPdsc:91 - Found 2 items
2020-12-20 21:27:47,070 [INFO] DbBoardsPdsc:91 - Found 4 items
2020-12-20 21:27:47,080 [WARN] DbBoardsPdsc:255 - Board STM32H7B3I-DK: unknown feature type=Audio, name=, username=Audio stereo codec with Headphone Amp (CS42L51-CNZ), n=1
2020-12-20 21:27:47,081 [WARN] DbBoardsPdsc:255 - Board STM32H735G-DK: unknown feature type=Audio, name=, username=Audio stereo codec with Headphone Amp (WM8994ECS/R), n=1
2020-12-20 21:27:47,084 [WARN] DbBoardsPdsc:255 - Board STM32H7B3I-EVAL: unknown feature type=Audio, name=, username=Multi-Channel Audio Codec (CS42L51-CNZ), n=1
2020-12-20 21:27:47,084 [WARN] DbBoardsPdsc:255 - Board STM32H7B3I-EVAL: unknown feature type=Meter, name=, username=Power-metering and Temperature-monitoring with sigma-delta modulators, n=1
2020-12-20 21:27:47,085 [WARN] DbBoardsPdsc:255 - Board STM32H7B3I-EVAL: unknown feature type=Motor, name=, username=Motor Control, n=1
2020-12-20 21:27:47,137 [INFO] DbBoardsJson:85 - JSON generation date=Thu Nov 05 15:55:26 CET 2020 (1604588126)
2020-12-20 21:27:47,167 [INFO] DbBoards:118 - Found 158 boards (155 are supported by CubeMX)
2020-12-20 21:27:47,195 [INFO] DbBoardsDocs:145 - JSON generation date=Wed Dec 09 18:22:40 CET 2020 (1607534560)
2020-12-20 21:27:47,235 [INFO] DbBoardsDocs:81 - Found 190 boards documents
2020-12-20 21:27:47,235 [WARN] DbBoards:128 - board B-L462E-CELL1 has no document id list !
2020-12-20 21:27:47,235 [WARN] DbBoards:128 - board B-L475E-IOT01A2 has no document id list !
2020-12-20 21:27:47,237 [WARN] DbBoards:128 - board NUCLEO-G0B1RE has no document id list !
2020-12-20 21:27:47,238 [WARN] DbBoards:128 - board NUCLEO-G491RE has no document id list !
2020-12-20 21:27:47,238 [WARN] DbBoards:128 - board NUCLEO-H743ZI2 has no document id list !
2020-12-20 21:27:47,239 [WARN] DbBoards:128 - board NUCLEO-L4A6ZG has no document id list !
2020-12-20 21:27:47,240 [WARN] DbBoards:128 - board NUCLEO-WB55RG has no document id list !
2020-12-20 21:27:47,240 [WARN] DbBoards:128 - board NUCLEO-WL55JC1 has no document id list !
2020-12-20 21:27:47,240 [WARN] DbBoards:128 - board NUCLEO-WL55JC2 has no document id list !
2020-12-20 21:27:47,240 [WARN] DbBoards:128 - board P-NUCLEO-WB55-Nucleo has no document id list !
2020-12-20 21:27:47,241 [WARN] DbBoards:128 - board P-NUCLEO-WB55-USBDongle has no document id list !
2020-12-20 21:27:47,241 [WARN] DbBoards:128 - board STEVAL-BFA001V1B has no document id list !
2020-12-20 21:27:47,241 [WARN] DbBoards:128 - board STEVAL-BFA001V2B has no document id list !
2020-12-20 21:27:47,241 [WARN] DbBoards:128 - board STEVAL-IDP005V1 has no document id list !
2020-12-20 21:27:47,243 [WARN] DbBoards:128 - board STEVAL-IDP005V2 has no document id list !
2020-12-20 21:27:47,243 [WARN] DbBoards:128 - board STEVAL-MKSBOX1V1 has no document id list !
2020-12-20 21:27:47,243 [WARN] DbBoards:128 - board STEVAL-STWINKT1 has no document id list !
2020-12-20 21:27:47,245 [WARN] DbBoards:128 - board STM32F401C-DISCO has no document id list !
2020-12-20 21:27:47,246 [WARN] DbBoards:128 - board STM32F769I-DISC1 has no document id list !
2020-12-20 21:27:47,247 [WARN] DbBoards:128 - board STM32G0C1E-EV has no document id list !
2020-12-20 21:27:47,248 [WARN] DbBoards:128 - board STM32G474E-EVAL1 has no document id list !
2020-12-20 21:27:47,248 [WARN] DbBoards:128 - board STM32H743I-EVAL2 has no document id list !
2020-12-20 21:27:47,249 [WARN] DbBoards:128 - board STM32H747I-DISC1 has no document id list !
2020-12-20 21:27:47,249 [WARN] DbBoards:128 - board STM32H753I-EVAL2 has no document id list !
2020-12-20 21:27:47,250 [WARN] DbBoards:128 - board STM32L-DISCOVERY has no document id list !
2020-12-20 21:27:47,251 [WARN] DbBoards:128 - board STM32MP157A-DK1 has no document id list !
2020-12-20 21:27:47,251 [WARN] DbBoards:128 - board STM32MP157F-DK2 has no document id list !
2020-12-20 21:27:47,252 [WARN] DbBoards:128 - board STM32MP157F-EV1 has no document id list !
2020-12-20 21:27:49,893 [INFO] ApiDb:238 - Load user favorites file C:\Users\ASUS/.stm32cubeide/favorites.boards.txt: 1 item(s)
2020-12-20 21:27:49,894 [INFO] ApiDb:242 - User favorites Boards=[STM32F407G-DISC1]
2020-12-20 21:27:49,894 [INFO] DbBoards:207 - Set 1 / 1 favorites Boards
2020-12-20 21:27:55,825 [INFO] MultiScanPanel:198 - Auto-refresh data requested => check proxy status ongoing
2020-12-20 21:27:55,964 [INFO] DetailPanel:344 - Set advertising image to C:/Users/ASUS/STM32Cube/Repository/\stm32cubemx-promo_image.jpg
2020-12-20 21:27:56,001 [INFO] BoardFilterPanel:214 - Update 1 favorites Boards
2020-12-20 21:28:44,318 [INFO] ApiDb:263 - Save user favorites file C:\Users\ASUS/.stm32cubeide/favorites.mcus.txt: 0 item(s)
2020-12-20 21:28:44,319 [INFO] ApiDb:267 - User favorites MCUs=[]
2020-12-20 21:28:44,324 [INFO] ApiDb:263 - Save user favorites file C:\Users\ASUS/.stm32cubeide/favorites.boards.txt: 1 item(s)
2020-12-20 21:28:44,328 [INFO] ApiDb:267 - User favorites Boards=[STM32F407G-DISC1]
2020-12-29 14:14:51,775 [INFO] Activator:170 - 


2020-12-29 14:14:51,775 [INFO] Activator:171 - !SESSION log4j initialized
2020-12-29 14:15:41,480 [INFO] McuFinderGlobals:40 - Set McuFinder mode to 2 (CubeIDE integrated)
2020-12-29 14:15:41,693 [INFO] ApplicationProperties:181 - Using Application install path: C:\ST\STM32CubeIDE_1.5.0\STM32CubeIDE\plugins\com.st.stm32cube.common.mx_6.1.0.202011121557
2020-12-29 14:15:41,703 [INFO] DbMcusXml:71 - Set database path to: C:\ST\STM32CubeIDE_1.5.0\STM32CubeIDE\plugins\com.st.stm32cube.common.mx_6.1.0.202011121557\\db\/mcu/
2020-12-29 14:15:41,703 [INFO] DbBoardsPdsc:57 - Set plugin database path to: C:\ST\STM32CubeIDE_1.5.0\STM32CubeIDE\plugins\com.st.stm32cube.common.mx_6.1.0.202011121557\\db\/plugins/boardmanager/
2020-12-29 14:15:41,703 [INFO] DbMcus:259 - Set plugin images path to: C:\ST\STM32CubeIDE_1.5.0\STM32CubeIDE\plugins\com.st.stm32cube.common.mx_6.1.0.202011121557\\db\/plugins/mcufinder/images/
2020-12-29 14:15:41,703 [INFO] DbBoards:265 - Set plugin images path to: C:\ST\STM32CubeIDE_1.5.0\STM32CubeIDE\plugins\com.st.stm32cube.common.mx_6.1.0.202011121557\\db\/plugins/mcufinder/images/
2020-12-29 14:15:41,711 [INFO] DbExamples:329 - Set plugin images path to: C:\ST\STM32CubeIDE_1.5.0\STM32CubeIDE\plugins\com.st.stm32cube.common.mx_6.1.0.202011121557\\db\/plugins/mcufinder/images/
2020-12-29 14:15:41,719 [INFO] DbMcusDocs:112 - Set database path to: C:\Users\ASUS\.stmcufinder\plugins\mcufinder//mcu/
2020-12-29 14:15:41,720 [INFO] DbMcusJson:63 - Set database path to: C:\Users\ASUS\.stmcufinder\plugins\mcufinder//mcu/
2020-12-29 14:15:41,720 [INFO] DbBoardsDocs:112 - Set database path to: C:\Users\ASUS\.stmcufinder\plugins\mcufinder//mcu/
2020-12-29 14:15:41,720 [INFO] DbBoardsJson:56 - Set database path to: C:\Users\ASUS\.stmcufinder\plugins\mcufinder//mcu/
2020-12-29 14:15:41,732 [INFO] CrossReferenceDbSqlite:196 - Set database path to: C:\Users\ASUS\.stmcufinder\plugins\mcufinder//mcu/cs/
2020-12-29 14:15:41,734 [INFO] DbExamplesSqlite:699 - Set database path to: C:\Users\ASUS\.stmcufinder\plugins\mcufinder//mcu/
2020-12-29 14:15:41,875 [INFO] RulesReader:52 - Compatibility file has been processed (228 Rules)
2020-12-29 14:15:42,035 [INFO] MicroXplorer:565 - Detected Java Version = 1.8.0_272
2020-12-29 14:15:42,036 [INFO] DbMcusXml:71 - Set database path to: C:\ST\STM32CubeIDE_1.5.0\STM32CubeIDE\plugins\com.st.stm32cube.common.mx_6.1.0.202011121557\\db\/mcu/
2020-12-29 14:15:42,037 [INFO] DbBoardsPdsc:57 - Set plugin database path to: C:\ST\STM32CubeIDE_1.5.0\STM32CubeIDE\plugins\com.st.stm32cube.common.mx_6.1.0.202011121557\\db\/plugins/boardmanager/
2020-12-29 14:15:42,037 [INFO] DbMcus:259 - Set plugin images path to: C:\ST\STM32CubeIDE_1.5.0\STM32CubeIDE\plugins\com.st.stm32cube.common.mx_6.1.0.202011121557\\db\/plugins/mcufinder/images/
2020-12-29 14:15:42,037 [INFO] DbBoards:265 - Set plugin images path to: C:\ST\STM32CubeIDE_1.5.0\STM32CubeIDE\plugins\com.st.stm32cube.common.mx_6.1.0.202011121557\\db\/plugins/mcufinder/images/
2020-12-29 14:15:42,038 [INFO] DbExamples:329 - Set plugin images path to: C:\ST\STM32CubeIDE_1.5.0\STM32CubeIDE\plugins\com.st.stm32cube.common.mx_6.1.0.202011121557\\db\/plugins/mcufinder/images/
2020-12-29 14:15:42,038 [WARN] DbFile:36 - Overriding database path with different value: C:\Users\ASUS\.stmcufinder\plugins\mcufinder/ => C:\Users\ASUS\.stmcufinder\plugins\mcufinder
2020-12-29 14:15:42,038 [INFO] DbMcusDocs:112 - Set database path to: C:\Users\ASUS\.stmcufinder\plugins\mcufinder//mcu/
2020-12-29 14:15:42,038 [WARN] DbFile:36 - Overriding database path with different value: C:\Users\ASUS\.stmcufinder\plugins\mcufinder/ => C:\Users\ASUS\.stmcufinder\plugins\mcufinder
2020-12-29 14:15:42,038 [INFO] DbMcusJson:63 - Set database path to: C:\Users\ASUS\.stmcufinder\plugins\mcufinder//mcu/
2020-12-29 14:15:42,039 [WARN] DbFile:36 - Overriding database path with different value: C:\Users\ASUS\.stmcufinder\plugins\mcufinder/ => C:\Users\ASUS\.stmcufinder\plugins\mcufinder
2020-12-29 14:15:42,039 [INFO] DbBoardsDocs:112 - Set database path to: C:\Users\ASUS\.stmcufinder\plugins\mcufinder//mcu/
2020-12-29 14:15:42,039 [WARN] DbFile:36 - Overriding database path with different value: C:\Users\ASUS\.stmcufinder\plugins\mcufinder/ => C:\Users\ASUS\.stmcufinder\plugins\mcufinder
2020-12-29 14:15:42,039 [INFO] DbBoardsJson:56 - Set database path to: C:\Users\ASUS\.stmcufinder\plugins\mcufinder//mcu/
2020-12-29 14:15:42,039 [WARN] DbFile:36 - Overriding database path with different value: C:\Users\ASUS\.stmcufinder\plugins\mcufinder/ => C:\Users\ASUS\.stmcufinder\plugins\mcufinder
2020-12-29 14:15:42,039 [WARN] DbFile:36 - Overriding database path with different value: C:\Users\ASUS\.stmcufinder\plugins\mcufinder/ => C:\Users\ASUS\.stmcufinder\plugins\mcufinder
2020-12-29 14:15:42,040 [INFO] CrossReferenceDbSqlite:196 - Set database path to: C:\Users\ASUS\.stmcufinder\plugins\mcufinder//mcu/cs/
2020-12-29 14:15:42,040 [WARN] DbFile:36 - Overriding database path with different value: C:\Users\ASUS\.stmcufinder\plugins\mcufinder/ => C:\Users\ASUS\.stmcufinder\plugins\mcufinder
2020-12-29 14:15:42,040 [INFO] DbExamplesSqlite:699 - Set database path to: C:\Users\ASUS\.stmcufinder\plugins\mcufinder//mcu/
2020-12-29 14:15:42,153 [INFO] MainPanel:190 - HeapMemory: 342884352
2020-12-29 14:15:42,224 [INFO] DbMcusXml:71 - Set database path to: C:\ST\STM32CubeIDE_1.5.0\STM32CubeIDE\plugins\com.st.stm32cube.common.mx_6.1.0.202011121557\\db\/mcu/
2020-12-29 14:15:42,225 [INFO] DbBoardsPdsc:57 - Set plugin database path to: C:\ST\STM32CubeIDE_1.5.0\STM32CubeIDE\plugins\com.st.stm32cube.common.mx_6.1.0.202011121557\\db\/plugins/boardmanager/
2020-12-29 14:15:42,225 [INFO] DbMcus:259 - Set plugin images path to: C:\ST\STM32CubeIDE_1.5.0\STM32CubeIDE\plugins\com.st.stm32cube.common.mx_6.1.0.202011121557\\db\/plugins/mcufinder/images/
2020-12-29 14:15:42,225 [INFO] DbBoards:265 - Set plugin images path to: C:\ST\STM32CubeIDE_1.5.0\STM32CubeIDE\plugins\com.st.stm32cube.common.mx_6.1.0.202011121557\\db\/plugins/mcufinder/images/
2020-12-29 14:15:42,225 [INFO] DbExamples:329 - Set plugin images path to: C:\ST\STM32CubeIDE_1.5.0\STM32CubeIDE\plugins\com.st.stm32cube.common.mx_6.1.0.202011121557\\db\/plugins/mcufinder/images/
2020-12-29 14:15:42,225 [WARN] DbFile:36 - Overriding database path with different value: C:\Users\ASUS\.stmcufinder\plugins\mcufinder/ => C:\Users\ASUS\.stmcufinder\plugins\mcufinder
2020-12-29 14:15:42,225 [INFO] DbMcusDocs:112 - Set database path to: C:\Users\ASUS\.stmcufinder\plugins\mcufinder//mcu/
2020-12-29 14:15:42,225 [WARN] DbFile:36 - Overriding database path with different value: C:\Users\ASUS\.stmcufinder\plugins\mcufinder/ => C:\Users\ASUS\.stmcufinder\plugins\mcufinder
2020-12-29 14:15:42,225 [INFO] DbMcusJson:63 - Set database path to: C:\Users\ASUS\.stmcufinder\plugins\mcufinder//mcu/
2020-12-29 14:15:42,225 [WARN] DbFile:36 - Overriding database path with different value: C:\Users\ASUS\.stmcufinder\plugins\mcufinder/ => C:\Users\ASUS\.stmcufinder\plugins\mcufinder
2020-12-29 14:15:42,225 [INFO] DbBoardsDocs:112 - Set database path to: C:\Users\ASUS\.stmcufinder\plugins\mcufinder//mcu/
2020-12-29 14:15:42,225 [WARN] DbFile:36 - Overriding database path with different value: C:\Users\ASUS\.stmcufinder\plugins\mcufinder/ => C:\Users\ASUS\.stmcufinder\plugins\mcufinder
2020-12-29 14:15:42,225 [INFO] DbBoardsJson:56 - Set database path to: C:\Users\ASUS\.stmcufinder\plugins\mcufinder//mcu/
2020-12-29 14:15:42,225 [WARN] DbFile:36 - Overriding database path with different value: C:\Users\ASUS\.stmcufinder\plugins\mcufinder/ => C:\Users\ASUS\.stmcufinder\plugins\mcufinder
2020-12-29 14:15:42,227 [WARN] DbFile:36 - Overriding database path with different value: C:\Users\ASUS\.stmcufinder\plugins\mcufinder/ => C:\Users\ASUS\.stmcufinder\plugins\mcufinder
2020-12-29 14:15:42,227 [INFO] CrossReferenceDbSqlite:196 - Set database path to: C:\Users\ASUS\.stmcufinder\plugins\mcufinder//mcu/cs/
2020-12-29 14:15:42,227 [WARN] DbFile:36 - Overriding database path with different value: C:\Users\ASUS\.stmcufinder\plugins\mcufinder/ => C:\Users\ASUS\.stmcufinder\plugins\mcufinder
2020-12-29 14:15:42,227 [INFO] DbExamplesSqlite:699 - Set database path to: C:\Users\ASUS\.stmcufinder\plugins\mcufinder//mcu/
2020-12-29 14:15:42,250 [INFO] ApplicationProperties:181 - Using Application install path: C:\ST\STM32CubeIDE_1.5.0\STM32CubeIDE\plugins\com.st.stm32cube.common.mx_6.1.0.202011121557
2020-12-29 14:15:42,251 [INFO] PluginManage:178 - Search for loadable plugins [exclusion list=, ]
2020-12-29 14:15:42,253 [INFO] PluginManage:292 - Check plugin analytics
2020-12-29 14:15:42,436 [INFO] AnalyticsPlugin:225 - Accepted Software Licenses: STM32CubeMX.6.1.0,STM32CubeMX.5.4.0
2020-12-29 14:15:42,436 [INFO] AnalyticsPlugin:227 - Accepted CMSIS Pack Licenses: STMicroelectronics.X-CUBE-TOUCHGFX.4.16.0,STMicroelectronics.X-CUBE-MEMS1.8.2.0
2020-12-29 14:15:42,440 [INFO] AnalyticsPlugin:229 - Accepted Firmware Licenses: 
2020-12-29 14:15:42,441 [INFO] PluginManage:342 - Loaded plugin analytics (category:tool,tabindex:-1)
2020-12-29 14:15:42,441 [INFO] PluginManage:292 - Check plugin clock
2020-12-29 14:15:42,454 [INFO] PluginManage:342 - Loaded plugin clock (category:base,tabindex:2)
2020-12-29 14:15:42,454 [INFO] PluginManage:292 - Check plugin ddr
2020-12-29 14:15:42,462 [INFO] PluginManage:342 - Loaded plugin ddr (category:tool,tabindex:6)
2020-12-29 14:15:42,462 [INFO] PluginManage:292 - Check plugin filemanager
2020-12-29 14:15:42,649 [INFO] PluginManage:342 - Loaded plugin filemanager (category:base,tabindex:10)
2020-12-29 14:15:42,649 [INFO] PluginManage:292 - Check plugin ipmanager
2020-12-29 14:15:42,676 [INFO] PluginManage:342 - Loaded plugin ipmanager (category:base,tabindex:5)
2020-12-29 14:15:42,676 [INFO] PluginManage:292 - Check plugin pinoutandconfiguration
2020-12-29 14:15:42,685 [INFO] PluginManage:342 - Loaded plugin pinoutandconfiguration (category:base,tabindex:1)
2020-12-29 14:15:42,685 [INFO] PluginManage:292 - Check plugin pinoutconfig
2020-12-29 14:15:42,734 [INFO] PluginManage:342 - Loaded plugin pinoutconfig (category:base,tabindex:0)
2020-12-29 14:15:42,734 [INFO] PluginManage:292 - Check plugin power
2020-12-29 14:15:42,782 [INFO] PluginManage:342 - Loaded plugin power (category:power,tabindex:4)
2020-12-29 14:15:42,782 [INFO] PluginManage:292 - Check plugin projectmanager
2020-12-29 14:15:42,810 [INFO] PluginManage:342 - Loaded plugin projectmanager (category:projectmanager,tabindex:3)
2020-12-29 14:15:42,810 [INFO] PluginManage:292 - Check plugin thirdparty
2020-12-29 14:15:43,020 [INFO] PluginManage:342 - Loaded plugin thirdparty (category:base,tabindex:-1)
2020-12-29 14:15:43,020 [INFO] PluginManage:292 - Check plugin tools
2020-12-29 14:15:43,023 [WARN] IntegrityCheckThread:59 - waiting for thirdparty lock release [integrity check]
2020-12-29 14:15:43,026 [INFO] IntegrityCheckThread:61 - entering critical section [integrity check]
2020-12-29 14:15:43,025 [INFO] PluginManage:342 - Loaded plugin tools (category:base,tabindex:7)
2020-12-29 14:15:43,027 [INFO] ThirdPartyUpdaterWithRetryManager:56 - Updater plugin not ready yet. [1/15]
2020-12-29 14:15:43,028 [INFO] PluginManage:292 - Check plugin tutovideos
2020-12-29 14:15:43,299 [INFO] PluginManage:342 - Loaded plugin tutovideos (category:base,tabindex:-1)
2020-12-29 14:15:43,299 [INFO] PluginManage:292 - Check plugin updater
2020-12-29 14:15:43,318 [INFO] PluginManage:342 - Loaded plugin updater (category:base,tabindex:12)
2020-12-29 14:15:43,319 [INFO] PluginManage:265 - PluginManage : Loaded plugins [13]
2020-12-29 14:15:43,581 [INFO] PinOutPanel:1434 - setPackage(No Configuration,No Configuration)
2020-12-29 14:15:43,761 [INFO] IPUIPlugin:64 - create IPUIPlugin
2020-12-29 14:15:43,761 [INFO] PluginManager:203 - loadIPPluginJar : add adc
2020-12-29 14:15:43,761 [INFO] IPUIPlugin:64 - create IPUIPlugin
2020-12-29 14:15:43,761 [INFO] PluginManager:203 - loadIPPluginJar : add aes
2020-12-29 14:15:43,769 [INFO] IPUIPlugin:64 - create IPUIPlugin
2020-12-29 14:15:43,770 [INFO] PluginManager:203 - loadIPPluginJar : add can
2020-12-29 14:15:43,772 [INFO] IPUIPlugin:64 - create IPUIPlugin
2020-12-29 14:15:43,772 [INFO] PluginManager:203 - loadIPPluginJar : add comp
2020-12-29 14:15:43,773 [INFO] IPUIPlugin:64 - create IPUIPlugin
2020-12-29 14:15:43,773 [INFO] PluginManager:203 - loadIPPluginJar : add cryp
2020-12-29 14:15:43,773 [INFO] IPUIPlugin:64 - create IPUIPlugin
2020-12-29 14:15:43,773 [INFO] PluginManager:203 - loadIPPluginJar : add dfsdm
2020-12-29 14:15:43,781 [INFO] IPUIPlugin:64 - create IPUIPlugin
2020-12-29 14:15:43,781 [INFO] PluginManager:203 - loadIPPluginJar : add dma
2020-12-29 14:15:43,797 [INFO] IPUIPlugin:64 - create IPUIPlugin
2020-12-29 14:15:43,797 [INFO] PluginManager:203 - loadIPPluginJar : add fatfs
2020-12-29 14:15:43,805 [INFO] IPUIPlugin:64 - create IPUIPlugin
2020-12-29 14:15:43,805 [INFO] PluginManager:203 - loadIPPluginJar : add fmc
2020-12-29 14:15:43,813 [INFO] IPUIPlugin:64 - create IPUIPlugin
2020-12-29 14:15:43,813 [INFO] PluginManager:203 - loadIPPluginJar : add freertos
2020-12-29 14:15:43,813 [INFO] IPUIPlugin:64 - create IPUIPlugin
2020-12-29 14:15:43,813 [INFO] PluginManager:203 - loadIPPluginJar : add genericplugin
2020-12-29 14:15:43,821 [INFO] IPUIPlugin:64 - create IPUIPlugin
2020-12-29 14:15:43,821 [INFO] PluginManager:203 - loadIPPluginJar : add gfxmmu
2020-12-29 14:15:43,824 [INFO] IPUIPlugin:64 - create IPUIPlugin
2020-12-29 14:15:43,824 [INFO] PluginManager:203 - loadIPPluginJar : add gic
2020-12-29 14:15:43,840 [INFO] IPUIPlugin:64 - create IPUIPlugin
2020-12-29 14:15:43,840 [INFO] PluginManager:203 - loadIPPluginJar : add gpio
2020-12-29 14:15:43,840 [INFO] IPUIPlugin:64 - create IPUIPlugin
2020-12-29 14:15:43,840 [INFO] PluginManager:203 - loadIPPluginJar : add gtzc
2020-12-29 14:15:43,845 [INFO] IPUIPlugin:64 - create IPUIPlugin
2020-12-29 14:15:43,845 [INFO] PluginManager:203 - loadIPPluginJar : add hash
2020-12-29 14:15:43,848 [INFO] IPUIPlugin:64 - create IPUIPlugin
2020-12-29 14:15:43,848 [INFO] PluginManager:203 - loadIPPluginJar : add i2c
2020-12-29 14:15:43,853 [INFO] IPUIPlugin:64 - create IPUIPlugin
2020-12-29 14:15:43,853 [INFO] PluginManager:203 - loadIPPluginJar : add i2s
2020-12-29 14:15:43,853 [INFO] IPUIPlugin:64 - create IPUIPlugin
2020-12-29 14:15:43,853 [INFO] PluginManager:203 - loadIPPluginJar : add ipddr
2020-12-29 14:15:43,861 [INFO] IPUIPlugin:64 - create IPUIPlugin
2020-12-29 14:15:43,861 [INFO] PluginManager:203 - loadIPPluginJar : add lorawan
2020-12-29 14:15:43,865 [INFO] IPUIPlugin:64 - create IPUIPlugin
2020-12-29 14:15:43,866 [INFO] PluginManager:203 - loadIPPluginJar : add ltdc
2020-12-29 14:15:43,866 [INFO] IPUIPlugin:64 - create IPUIPlugin
2020-12-29 14:15:43,866 [INFO] PluginManager:203 - loadIPPluginJar : add mdma
2020-12-29 14:15:43,876 [INFO] IPUIPlugin:64 - create IPUIPlugin
2020-12-29 14:15:43,877 [INFO] PluginManager:203 - loadIPPluginJar : add nvic
2020-12-29 14:15:43,879 [INFO] IPUIPlugin:64 - create IPUIPlugin
2020-12-29 14:15:43,879 [INFO] PluginManager:203 - loadIPPluginJar : add opamp
2020-12-29 14:15:43,879 [INFO] IPUIPlugin:64 - create IPUIPlugin
2020-12-29 14:15:43,879 [INFO] PluginManager:203 - loadIPPluginJar : add openamp
2020-12-29 14:15:43,887 [INFO] IPUIPlugin:64 - create IPUIPlugin
2020-12-29 14:15:43,887 [INFO] PluginManager:203 - loadIPPluginJar : add pdm2pcm
2020-12-29 14:15:43,900 [INFO] IPUIPlugin:64 - create IPUIPlugin
2020-12-29 14:15:43,900 [INFO] PluginManager:203 - loadIPPluginJar : add plateformsettings
2020-12-29 14:15:43,900 [INFO] IPUIPlugin:64 - create IPUIPlugin
2020-12-29 14:15:43,900 [INFO] PluginManager:203 - loadIPPluginJar : add quadspi
2020-12-29 14:15:43,908 [INFO] IPUIPlugin:64 - create IPUIPlugin
2020-12-29 14:15:43,908 [INFO] PluginManager:203 - loadIPPluginJar : add resmgrutility
2020-12-29 14:15:43,908 [INFO] IPUIPlugin:64 - create IPUIPlugin
2020-12-29 14:15:43,908 [INFO] PluginManager:203 - loadIPPluginJar : add sai
2020-12-29 14:15:43,916 [INFO] IPUIPlugin:64 - create IPUIPlugin
2020-12-29 14:15:43,916 [INFO] PluginManager:203 - loadIPPluginJar : add spi
2020-12-29 14:15:43,916 [INFO] IPUIPlugin:64 - create IPUIPlugin
2020-12-29 14:15:43,916 [INFO] PluginManager:203 - loadIPPluginJar : add stm32_wpan
2020-12-29 14:15:43,924 [INFO] IPUIPlugin:64 - create IPUIPlugin
2020-12-29 14:15:43,925 [INFO] PluginManager:203 - loadIPPluginJar : add tim
2020-12-29 14:15:43,926 [INFO] IPUIPlugin:64 - create IPUIPlugin
2020-12-29 14:15:43,926 [INFO] PluginManager:203 - loadIPPluginJar : add touchsensing
2020-12-29 14:15:43,926 [INFO] IPUIPlugin:64 - create IPUIPlugin
2020-12-29 14:15:43,926 [INFO] PluginManager:203 - loadIPPluginJar : add tracer_emb
2020-12-29 14:15:43,933 [INFO] IPUIPlugin:64 - create IPUIPlugin
2020-12-29 14:15:43,933 [INFO] PluginManager:203 - loadIPPluginJar : add ts
2020-12-29 14:15:43,933 [INFO] IPUIPlugin:64 - create IPUIPlugin
2020-12-29 14:15:43,933 [INFO] PluginManager:203 - loadIPPluginJar : add tsc
2020-12-29 14:15:43,938 [INFO] IPUIPlugin:64 - create IPUIPlugin
2020-12-29 14:15:43,938 [INFO] PluginManager:203 - loadIPPluginJar : add ucpd
2020-12-29 14:15:43,940 [INFO] IPUIPlugin:64 - create IPUIPlugin
2020-12-29 14:15:43,940 [INFO] PluginManager:203 - loadIPPluginJar : add usart
2020-12-29 14:15:44,387 [FATAL] Updater:284 - Updater called before beeing initialized
2020-12-29 14:15:44,565 [FATAL] Updater:284 - Updater called before beeing initialized
2020-12-29 14:15:44,620 [WARN] DetailPanel:347 - Failed to get advertising image, set to default
2020-12-29 14:15:44,623 [FATAL] Updater:284 - Updater called before beeing initialized
2020-12-29 14:15:44,624 [WARN] DetailPanel:347 - Failed to get advertising image, set to default
2020-12-29 14:15:44,694 [FATAL] Updater:284 - Updater called before beeing initialized
2020-12-29 14:15:44,694 [WARN] ThirdParty:783 - waiting for thirdparty lock release [close project]
2020-12-29 14:15:46,036 [INFO] ThirdPartyUpdaterWithRetryManager:56 - Updater plugin not ready yet. [2/15]
2020-12-29 14:15:49,042 [FATAL] Updater:284 - Updater called before beeing initialized
2020-12-29 14:15:49,042 [ERROR] AbstractThirdPartyUpdaterManager:153 - java.lang.Integer cannot be cast to java.util.List
2020-12-29 14:15:49,042 [INFO] ThirdParty:887 - Integrity check success = false
2020-12-29 14:15:49,042 [INFO] IntegrityCheckThread:75 - exiting critical section [integrity check]
2020-12-29 14:15:49,042 [INFO] IntegrityCheckThread:78 - End integrity checks thread
2020-12-29 14:15:49,042 [INFO] ThirdParty:785 - entering critical section [close project]
2020-12-29 14:15:49,044 [INFO] ThirdParty:796 - exiting critical section [close project]
2020-12-29 14:15:49,048 [INFO] PinOutPanel:1434 - setPackage(No Configuration,No Configuration)
2020-12-29 14:15:49,049 [FATAL] Updater:284 - Updater called before beeing initialized
2020-12-29 14:15:49,056 [ERROR] Updater:1065 - MainUpdater not yet initialized. External WinMGr cannot be set.
2020-12-29 14:15:49,060 [INFO] Updater:1002 - Updater Version found : 6.1.0
2020-12-29 14:15:49,079 [INFO] ApplicationProperties:181 - Using Application install path: C:\ST\STM32CubeIDE_1.5.0\STM32CubeIDE\plugins\com.st.stm32cube.common.mx_6.1.0.202011121557
2020-12-29 14:15:49,390 [INFO] MainUpdater:2644 - connection check result : 10
2020-12-29 14:15:49,397 [INFO] MainUpdater:249 - Updater Check For Update Now.
2020-12-29 14:15:49,397 [INFO] MicroXplorer:415 - Change Database Version : DB.6.0.10
2020-12-29 14:15:49,471 [INFO] CheckServerUpdateThread:102 - End of CheckServer Thread
2020-12-29 14:15:49,506 [INFO] MainUpdater:2644 - connection check result : 10
2020-12-29 14:15:50,794 [INFO] CrossSelectorPresenter:1330 - Cross Selector saved comparison directory: C:\Users\ASUS\.stmcufinder\plugins\mcufinder\mcu\cs_comparisons_mx
2020-12-29 14:15:50,802 [INFO] MultiScanPanel:198 - Auto-refresh data requested => check proxy status ongoing
2020-12-29 14:15:50,807 [INFO] FinderPluginLoader:87 - Searching for filters in installed packs
2020-12-29 14:15:50,810 [INFO] DbMcusXml:97 - Load MCU database from C:\ST\STM32CubeIDE_1.5.0\STM32CubeIDE\plugins\com.st.stm32cube.common.mx_6.1.0.202011121557\\db\/mcu/families.xml
2020-12-29 14:15:52,449 [INFO] DbMcusJson:92 - JSON generation date=Wed Dec 09 18:22:40 CET 2020 (1607534560)
2020-12-29 14:15:53,950 [INFO] DbMcus:176 - Found 1835 MCUs (1796 are supported by CubeMX, 1804 are visible in CubeMX)
2020-12-29 14:15:53,950 [INFO] ApiDb:238 - Load user favorites file C:\Users\ASUS/.stm32cubeide/favorites.mcus.txt: 0 item(s)
2020-12-29 14:15:53,958 [INFO] ApiDb:242 - User favorites MCUs=[]
2020-12-29 14:15:53,958 [INFO] DbMcus:188 - Set 0 / 0 favorites MCUs
2020-12-29 14:15:54,694 [INFO] DetailPanel:344 - Set advertising image to C:/Users/ASUS/STM32Cube/Repository/\stm32cubemx-promo_image.jpg
2020-12-29 14:15:55,168 [INFO] McuFilterPanel:245 - Update 0 favorites MCUs
2020-12-29 14:15:55,301 [INFO] DbBoardsPdsc:91 - Found 24 items
2020-12-29 14:15:55,314 [INFO] DbBoardsPdsc:91 - Found 9 items
2020-12-29 14:15:55,326 [INFO] DbBoardsPdsc:91 - Found 32 items
2020-12-29 14:15:55,334 [INFO] DbBoardsPdsc:91 - Found 1 items
2020-12-29 14:15:55,354 [INFO] DbBoardsPdsc:91 - Found 45 items
2020-12-29 14:15:55,369 [INFO] DbBoardsPdsc:91 - Found 41 items
2020-12-29 14:15:55,386 [INFO] DbBoardsPdsc:91 - Found 2 items
2020-12-29 14:15:55,396 [INFO] DbBoardsPdsc:91 - Found 4 items
2020-12-29 14:15:55,400 [WARN] DbBoardsPdsc:255 - Board STM32H7B3I-DK: unknown feature type=Audio, name=, username=Audio stereo codec with Headphone Amp (CS42L51-CNZ), n=1
2020-12-29 14:15:55,405 [WARN] DbBoardsPdsc:255 - Board STM32H735G-DK: unknown feature type=Audio, name=, username=Audio stereo codec with Headphone Amp (WM8994ECS/R), n=1
2020-12-29 14:15:55,406 [WARN] DbBoardsPdsc:255 - Board STM32H7B3I-EVAL: unknown feature type=Audio, name=, username=Multi-Channel Audio Codec (CS42L51-CNZ), n=1
2020-12-29 14:15:55,406 [WARN] DbBoardsPdsc:255 - Board STM32H7B3I-EVAL: unknown feature type=Meter, name=, username=Power-metering and Temperature-monitoring with sigma-delta modulators, n=1
2020-12-29 14:15:55,406 [WARN] DbBoardsPdsc:255 - Board STM32H7B3I-EVAL: unknown feature type=Motor, name=, username=Motor Control, n=1
2020-12-29 14:15:55,476 [INFO] DbBoardsJson:85 - JSON generation date=Thu Nov 05 15:55:26 CET 2020 (1604588126)
2020-12-29 14:15:55,492 [INFO] DbBoards:118 - Found 158 boards (155 are supported by CubeMX)
2020-12-29 14:15:55,506 [INFO] DbBoardsDocs:145 - JSON generation date=Wed Dec 09 18:22:40 CET 2020 (1607534560)
2020-12-29 14:15:55,539 [INFO] DbBoardsDocs:81 - Found 190 boards documents
2020-12-29 14:15:55,539 [WARN] DbBoards:128 - board B-L462E-CELL1 has no document id list !
2020-12-29 14:15:55,539 [WARN] DbBoards:128 - board B-L475E-IOT01A2 has no document id list !
2020-12-29 14:15:55,539 [WARN] DbBoards:128 - board NUCLEO-G0B1RE has no document id list !
2020-12-29 14:15:55,539 [WARN] DbBoards:128 - board NUCLEO-G491RE has no document id list !
2020-12-29 14:15:55,539 [WARN] DbBoards:128 - board NUCLEO-H743ZI2 has no document id list !
2020-12-29 14:15:55,539 [WARN] DbBoards:128 - board NUCLEO-L4A6ZG has no document id list !
2020-12-29 14:15:55,539 [WARN] DbBoards:128 - board NUCLEO-WB55RG has no document id list !
2020-12-29 14:15:55,539 [WARN] DbBoards:128 - board NUCLEO-WL55JC1 has no document id list !
2020-12-29 14:15:55,539 [WARN] DbBoards:128 - board NUCLEO-WL55JC2 has no document id list !
2020-12-29 14:15:55,539 [WARN] DbBoards:128 - board P-NUCLEO-WB55-Nucleo has no document id list !
2020-12-29 14:15:55,539 [WARN] DbBoards:128 - board P-NUCLEO-WB55-USBDongle has no document id list !
2020-12-29 14:15:55,539 [WARN] DbBoards:128 - board STEVAL-BFA001V1B has no document id list !
2020-12-29 14:15:55,539 [WARN] DbBoards:128 - board STEVAL-BFA001V2B has no document id list !
2020-12-29 14:15:55,539 [WARN] DbBoards:128 - board STEVAL-IDP005V1 has no document id list !
2020-12-29 14:15:55,539 [WARN] DbBoards:128 - board STEVAL-IDP005V2 has no document id list !
2020-12-29 14:15:55,539 [WARN] DbBoards:128 - board STEVAL-MKSBOX1V1 has no document id list !
2020-12-29 14:15:55,539 [WARN] DbBoards:128 - board STEVAL-STWINKT1 has no document id list !
2020-12-29 14:15:55,539 [WARN] DbBoards:128 - board STM32F401C-DISCO has no document id list !
2020-12-29 14:15:55,539 [WARN] DbBoards:128 - board STM32F769I-DISC1 has no document id list !
2020-12-29 14:15:55,547 [WARN] DbBoards:128 - board STM32G0C1E-EV has no document id list !
2020-12-29 14:15:55,547 [WARN] DbBoards:128 - board STM32G474E-EVAL1 has no document id list !
2020-12-29 14:15:55,547 [WARN] DbBoards:128 - board STM32H743I-EVAL2 has no document id list !
2020-12-29 14:15:55,547 [WARN] DbBoards:128 - board STM32H747I-DISC1 has no document id list !
2020-12-29 14:15:55,548 [WARN] DbBoards:128 - board STM32H753I-EVAL2 has no document id list !
2020-12-29 14:15:55,548 [WARN] DbBoards:128 - board STM32L-DISCOVERY has no document id list !
2020-12-29 14:15:55,548 [WARN] DbBoards:128 - board STM32MP157A-DK1 has no document id list !
2020-12-29 14:15:55,548 [WARN] DbBoards:128 - board STM32MP157F-DK2 has no document id list !
2020-12-29 14:15:55,548 [WARN] DbBoards:128 - board STM32MP157F-EV1 has no document id list !
2020-12-29 14:15:57,051 [INFO] ApiDb:238 - Load user favorites file C:\Users\ASUS/.stm32cubeide/favorites.boards.txt: 1 item(s)
2020-12-29 14:15:57,055 [INFO] ApiDb:242 - User favorites Boards=[STM32F407G-DISC1]
2020-12-29 14:15:57,055 [INFO] DbBoards:207 - Set 1 / 1 favorites Boards
2020-12-29 14:16:00,012 [INFO] MultiScanPanel:198 - Auto-refresh data requested => check proxy status ongoing
2020-12-29 14:16:00,111 [INFO] DetailPanel:344 - Set advertising image to C:/Users/ASUS/STM32Cube/Repository/\stm32cubemx-promo_image.jpg
2020-12-29 14:16:00,143 [INFO] BoardFilterPanel:214 - Update 1 favorites Boards
2020-12-29 14:18:16,346 [INFO] ApiDb:263 - Save user favorites file C:\Users\ASUS/.stm32cubeide/favorites.mcus.txt: 0 item(s)
2020-12-29 14:18:16,346 [INFO] ApiDb:267 - User favorites MCUs=[]
2020-12-29 14:18:16,346 [INFO] ApiDb:263 - Save user favorites file C:\Users\ASUS/.stm32cubeide/favorites.boards.txt: 1 item(s)
2020-12-29 14:18:16,355 [INFO] ApiDb:267 - User favorites Boards=[STM32F407G-DISC1]
2020-12-29 14:32:09,727 [INFO] Activator:170 - 


2020-12-29 14:32:09,734 [INFO] Activator:171 - !SESSION log4j initialized
